2023-08-30 17:41:01,934 INFO Status code not 200:{'/accounts/register/'}
2023-08-30 17:41:20,986 INFO Status code not 200:{'/accounts/login/'}
2023-08-31 14:36:32,070 INFO Status code not 200:{'/accounts/register/'}
2023-08-31 15:26:44,283 INFO Status code not 200:{'/accounts/query/'}
2023-08-31 15:26:58,674 INFO Status code not 200:{'/accounts/query/'}
2023-08-31 15:27:38,078 INFO Status code not 200:{'/accounts/query/'}
2023-08-31 15:29:31,575 INFO Status code not 200:{'/accounts/query/'}
2023-08-31 15:30:29,173 INFO Status code not 200:{'/accounts/query/'}
2023-08-31 16:33:32,308 INFO Status code not 200:{'/accounts/query/'}
2023-08-31 16:34:24,970 INFO Status code not 200:{'/accounts/query/'}
2023-08-31 16:34:42,863 INFO Status code not 200:{'/accounts/query/'}
2023-08-31 16:35:36,704 INFO Status code not 200:{'/accounts/query/'}
2023-08-31 17:20:17,157 INFO Status code not 200:{'/accounts/query/'}
2023-08-31 17:20:18,688 INFO Status code not 200:{'/accounts/query/'}
2023-08-31 18:05:55,209 INFO Status code not 200:{'/accounts/query/'}
2023-08-31 18:06:05,994 INFO Status code not 200:{'/accounts/query/'}
2023-08-31 18:06:19,928 INFO Status code not 200:{'/accounts/query/'}
2023-08-31 18:06:33,653 INFO Status code not 200:{'/accounts/query/'}
2023-09-01 10:27:15,656 INFO Status code not 200:{'/user/add/'}
2023-09-01 10:27:19,468 INFO Status code not 200:{'/cors'}
2023-09-01 10:27:19,471 INFO Status code not 200:{'/cors/'}
2023-09-01 10:27:19,531 INFO Status code not 200:{'/favicon.ico'}
2023-09-01 10:44:06,571 INFO Status code not 200:{'/cors/'}
2023-09-01 10:44:10,036 INFO Status code not 200:{'/cors/'}
2023-09-01 10:44:26,218 INFO Status code not 200:{'/cors/'}
2023-09-01 10:44:26,224 INFO Status code not 200:{'/cors/'}
2023-09-01 10:44:33,911 INFO Status code not 200:{'/cors/'}
2023-09-01 10:44:34,864 INFO Status code not 200:{'/cors/'}
2023-09-01 10:45:03,612 INFO Status code not 200:{'/cors/'}
2023-09-01 10:45:05,138 INFO Status code not 200:{'/cors/'}
2023-09-01 10:45:11,925 INFO Status code not 200:{'/cors/'}
2023-09-01 10:47:22,179 INFO Status code not 200:{'/cors/'}
2023-09-01 10:47:23,018 INFO Status code not 200:{'/cors/'}
2023-09-01 10:47:23,411 INFO Status code not 200:{'/cors/'}
2023-09-01 10:47:23,613 INFO Status code not 200:{'/cors/'}
2023-09-01 10:47:23,805 INFO Status code not 200:{'/cors/'}
2023-09-01 10:47:28,421 INFO Status code not 200:{'/cors/'}
2023-09-01 10:47:29,284 INFO Status code not 200:{'/cors/'}
2023-09-01 11:00:13,479 INFO Status code not 200:{'/cors/'}
2023-09-01 11:00:23,140 INFO Status code not 200:{'/cors/'}
2023-09-01 11:01:00,568 INFO Status code not 200:{'/cors/'}
2023-09-01 11:01:01,440 INFO Status code not 200:{'/cors/'}
2023-09-01 11:01:24,165 INFO Status code not 200:{'/cors/'}
2023-09-01 11:01:25,064 INFO Status code not 200:{'/cors/'}
2023-09-01 11:01:25,707 INFO Status code not 200:{'/cors/'}
2023-09-01 11:01:26,123 INFO Status code not 200:{'/cors/'}
2023-09-01 11:02:36,423 INFO Status code not 200:{'/cors/'}
2023-09-01 11:02:37,199 INFO Status code not 200:{'/cors/'}
2023-09-01 11:02:49,395 INFO Status code not 200:{'/cors/'}
2023-09-01 11:02:50,058 INFO Status code not 200:{'/cors/'}
2023-09-01 11:02:55,743 INFO Status code not 200:{'/cors/'}
2023-09-01 11:03:05,369 INFO Status code not 200:{'/cosrs/'}
2023-09-01 11:03:57,066 INFO Status code not 200:{'/accounts/query/'}
2023-09-01 11:04:14,425 INFO Status code not 200:{'/accounts/query/'}
2023-09-01 11:12:57,548 INFO Status code not 200:{'/cors/'}
2023-09-01 11:13:06,818 INFO Status code not 200:{'/accounts/query/'}
2023-09-01 13:32:41,618 INFO Status code not 200:{'/cors/'}
2023-09-01 13:32:43,008 INFO Status code not 200:{'/cors/'}
2023-09-01 13:33:00,917 INFO Status code not 200:{'/accounts/query/'}
2023-09-01 13:34:17,767 INFO Status code not 200:{'/accounts/query/'}
2023-09-01 13:38:28,489 INFO Status code not 200:{'/cors/'}
2023-09-01 13:38:30,197 INFO Status code not 200:{'/cors/'}
2023-09-01 13:47:22,559 INFO Status code not 200:{'/cors/'}
2023-09-01 13:47:23,265 INFO Status code not 200:{'/cors/'}
